{
  "stats": {
    "suites": 10,
    "tests": 26,
    "passes": 26,
    "pending": 0,
    "failures": 0,
    "start": "2022-02-25T19:00:54.462Z",
    "end": "2022-02-25T19:00:57.516Z",
    "duration": 3054,
    "testsRegistered": 26,
    "passPercent": 100,
    "pendingPercent": 0,
    "other": 0,
    "hasOther": false,
    "skipped": 0,
    "hasSkipped": false
  },
  "results": [
    {
      "uuid": "61fea296-8635-4968-9620-a10c23a3d941",
      "title": "",
      "fullFile": "",
      "file": "",
      "beforeHooks": [],
      "afterHooks": [],
      "tests": [],
      "suites": [
        {
          "uuid": "041a0521-2ff5-4645-8805-bc52d96c41d2",
          "title": " -----  Task API  ------ ",
          "fullFile": "/media/imran/6F29F40451288B05/Imran/Learning Projects/Unit testing using mocha & chai/test-cases/api.spec.js",
          "file": "/test-cases/api.spec.js",
          "beforeHooks": [],
          "afterHooks": [],
          "tests": [
            {
              "title": "Get user",
              "fullTitle": " -----  Task API  ------  Get user",
              "timedOut": false,
              "duration": 16,
              "state": "passed",
              "speed": "fast",
              "pass": true,
              "fail": false,
              "pending": false,
              "context": null,
              "code": "chai.request(server)\n            .get('/users')\n            .end((err, response) => {\n                expect(response.status).to.be.equal(200);\n                expect(response.body).to.have.all.keys('data','isSuccess','status');\n                done();\n            })",
              "err": {},
              "uuid": "c86859eb-a528-4295-82cb-9c54c7da30cb",
              "parentUUID": "041a0521-2ff5-4645-8805-bc52d96c41d2",
              "isHook": false,
              "skipped": false
            }
          ],
          "suites": [],
          "passes": [
            "c86859eb-a528-4295-82cb-9c54c7da30cb"
          ],
          "failures": [],
          "pending": [],
          "skipped": [],
          "duration": 16,
          "root": false,
          "rootEmpty": false,
          "_timeout": 2000
        },
        {
          "uuid": "416d5fc1-5daa-4885-8e20-2dceadcbcdd4",
          "title": "------- Aspect check -------",
          "fullFile": "/media/imran/6F29F40451288B05/Imran/Learning Projects/Unit testing using mocha & chai/test-cases/chai.spec.js",
          "file": "/test-cases/chai.spec.js",
          "beforeHooks": [],
          "afterHooks": [],
          "tests": [
            {
              "title": "Check String",
              "fullTitle": "------- Aspect check ------- Check String",
              "timedOut": false,
              "duration": 0,
              "state": "passed",
              "speed": "fast",
              "pass": true,
              "fail": false,
              "pending": false,
              "context": null,
              "code": "assert.typeOf(username, 'string')",
              "err": {},
              "uuid": "56d1435e-5f51-4fa0-9eb3-c299f748366b",
              "parentUUID": "416d5fc1-5daa-4885-8e20-2dceadcbcdd4",
              "isHook": false,
              "skipped": false
            },
            {
              "title": "Check Number",
              "fullTitle": "------- Aspect check ------- Check Number",
              "timedOut": false,
              "duration": 0,
              "state": "passed",
              "speed": "fast",
              "pass": true,
              "fail": false,
              "pending": false,
              "context": null,
              "code": "assert.typeOf(serialNumber, 'number')",
              "err": {},
              "uuid": "6e6a5980-c9c9-4bc4-b34a-1303c2246b17",
              "parentUUID": "416d5fc1-5daa-4885-8e20-2dceadcbcdd4",
              "isHook": false,
              "skipped": false
            },
            {
              "title": "Check Boolean",
              "fullTitle": "------- Aspect check ------- Check Boolean",
              "timedOut": false,
              "duration": 0,
              "state": "passed",
              "speed": "fast",
              "pass": true,
              "fail": false,
              "pending": false,
              "context": null,
              "code": "assert.typeOf(isValue, 'boolean');",
              "err": {},
              "uuid": "779f086b-2565-4351-8632-db0add8d938d",
              "parentUUID": "416d5fc1-5daa-4885-8e20-2dceadcbcdd4",
              "isHook": false,
              "skipped": false
            },
            {
              "title": "Equal match",
              "fullTitle": "------- Aspect check ------- Equal match",
              "timedOut": false,
              "duration": 1,
              "state": "passed",
              "speed": "fast",
              "pass": true,
              "fail": false,
              "pending": false,
              "context": null,
              "code": "assert.equal(str1, \"abc\");",
              "err": {},
              "uuid": "22289b3e-c298-4f15-92ad-a7899e64ee07",
              "parentUUID": "416d5fc1-5daa-4885-8e20-2dceadcbcdd4",
              "isHook": false,
              "skipped": false
            },
            {
              "title": "Check length",
              "fullTitle": "------- Aspect check ------- Check length",
              "timedOut": false,
              "duration": 0,
              "state": "passed",
              "speed": "fast",
              "pass": true,
              "fail": false,
              "pending": false,
              "context": null,
              "code": "assert.lengthOf(myList.item, 2);",
              "err": {},
              "uuid": "3500215e-98c4-4676-82a6-3a9640eb56b9",
              "parentUUID": "416d5fc1-5daa-4885-8e20-2dceadcbcdd4",
              "isHook": false,
              "skipped": false
            }
          ],
          "suites": [],
          "passes": [
            "56d1435e-5f51-4fa0-9eb3-c299f748366b",
            "6e6a5980-c9c9-4bc4-b34a-1303c2246b17",
            "779f086b-2565-4351-8632-db0add8d938d",
            "22289b3e-c298-4f15-92ad-a7899e64ee07",
            "3500215e-98c4-4676-82a6-3a9640eb56b9"
          ],
          "failures": [],
          "pending": [],
          "skipped": [],
          "duration": 1,
          "root": false,
          "rootEmpty": false,
          "_timeout": 2000
        },
        {
          "uuid": "5890c6ae-90fe-4db4-86a8-bfea5b9972fa",
          "title": " ------- Should Check -------- ",
          "fullFile": "/media/imran/6F29F40451288B05/Imran/Learning Projects/Unit testing using mocha & chai/test-cases/chai.spec.js",
          "file": "/test-cases/chai.spec.js",
          "beforeHooks": [],
          "afterHooks": [],
          "tests": [
            {
              "title": "Check Boolean",
              "fullTitle": " ------- Should Check --------  Check Boolean",
              "timedOut": false,
              "duration": 1,
              "state": "passed",
              "speed": "fast",
              "pass": true,
              "fail": false,
              "pending": false,
              "context": null,
              "code": "isVerified.should.be.a(\"boolean\");",
              "err": {},
              "uuid": "bcb85497-bf8c-496e-b404-d7b2ac662e3c",
              "parentUUID": "5890c6ae-90fe-4db4-86a8-bfea5b9972fa",
              "isHook": false,
              "skipped": false
            },
            {
              "title": "Check String",
              "fullTitle": " ------- Should Check --------  Check String",
              "timedOut": false,
              "duration": 0,
              "state": "passed",
              "speed": "fast",
              "pass": true,
              "fail": false,
              "pending": false,
              "context": null,
              "code": "pincode.should.be.a('string');",
              "err": {},
              "uuid": "c93aa4bc-5cae-419f-9ed7-2fc4b28e1570",
              "parentUUID": "5890c6ae-90fe-4db4-86a8-bfea5b9972fa",
              "isHook": false,
              "skipped": false
            },
            {
              "title": "Equal Check",
              "fullTitle": " ------- Should Check --------  Equal Check",
              "timedOut": false,
              "duration": 0,
              "state": "passed",
              "speed": "fast",
              "pass": true,
              "fail": false,
              "pending": false,
              "context": null,
              "code": "name.should.be.equal('Imran');",
              "err": {},
              "uuid": "1264f0f3-27f1-459e-ae1c-321e9c24e819",
              "parentUUID": "5890c6ae-90fe-4db4-86a8-bfea5b9972fa",
              "isHook": false,
              "skipped": false
            },
            {
              "title": "Check length",
              "fullTitle": " ------- Should Check --------  Check length",
              "timedOut": false,
              "duration": 0,
              "state": "passed",
              "speed": "fast",
              "pass": true,
              "fail": false,
              "pending": false,
              "context": null,
              "code": "myList.should.have.property('item').with.length(2);",
              "err": {},
              "uuid": "4d3feaeb-8275-4f1e-b2de-891bdbc28209",
              "parentUUID": "5890c6ae-90fe-4db4-86a8-bfea5b9972fa",
              "isHook": false,
              "skipped": false
            }
          ],
          "suites": [],
          "passes": [
            "bcb85497-bf8c-496e-b404-d7b2ac662e3c",
            "c93aa4bc-5cae-419f-9ed7-2fc4b28e1570",
            "1264f0f3-27f1-459e-ae1c-321e9c24e819",
            "4d3feaeb-8275-4f1e-b2de-891bdbc28209"
          ],
          "failures": [],
          "pending": [],
          "skipped": [],
          "duration": 1,
          "root": false,
          "rootEmpty": false,
          "_timeout": 2000
        },
        {
          "uuid": "c6ea315c-0946-401e-863a-aa18d3eb6b5e",
          "title": " -------- Expect Check --------- ",
          "fullFile": "/media/imran/6F29F40451288B05/Imran/Learning Projects/Unit testing using mocha & chai/test-cases/chai.spec.js",
          "file": "/test-cases/chai.spec.js",
          "beforeHooks": [],
          "afterHooks": [],
          "tests": [
            {
              "title": "Match String",
              "fullTitle": " -------- Expect Check ---------  Match String",
              "timedOut": false,
              "duration": 0,
              "state": "passed",
              "speed": "fast",
              "pass": true,
              "fail": false,
              "pending": false,
              "context": null,
              "code": "expect(username).to.be.a('string');",
              "err": {},
              "uuid": "29cbef9c-f6a4-40a3-8c92-313441c3d046",
              "parentUUID": "c6ea315c-0946-401e-863a-aa18d3eb6b5e",
              "isHook": false,
              "skipped": false
            },
            {
              "title": "Equal Match",
              "fullTitle": " -------- Expect Check ---------  Equal Match",
              "timedOut": false,
              "duration": 0,
              "state": "passed",
              "speed": "fast",
              "pass": true,
              "fail": false,
              "pending": false,
              "context": null,
              "code": "expect(username).to.equal('Code Improve');",
              "err": {},
              "uuid": "b593086d-6a90-46dc-91bc-662db4197f18",
              "parentUUID": "c6ea315c-0946-401e-863a-aa18d3eb6b5e",
              "isHook": false,
              "skipped": false
            },
            {
              "title": "Length Match",
              "fullTitle": " -------- Expect Check ---------  Length Match",
              "timedOut": false,
              "duration": 0,
              "state": "passed",
              "speed": "fast",
              "pass": true,
              "fail": false,
              "pending": false,
              "context": null,
              "code": "expect(username).to.lengthOf(12);",
              "err": {},
              "uuid": "9b36a817-e5dd-49ed-b3c9-bf6e9f9d5ff7",
              "parentUUID": "c6ea315c-0946-401e-863a-aa18d3eb6b5e",
              "isHook": false,
              "skipped": false
            },
            {
              "title": "Object Length",
              "fullTitle": " -------- Expect Check ---------  Object Length",
              "timedOut": false,
              "duration": 0,
              "state": "passed",
              "speed": "fast",
              "pass": true,
              "fail": false,
              "pending": false,
              "context": null,
              "code": "expect(myList).to.have.property('item').with.lengthOf(2);",
              "err": {},
              "uuid": "4bef0b73-a37a-45a6-a0b6-f8b05770c5d8",
              "parentUUID": "c6ea315c-0946-401e-863a-aa18d3eb6b5e",
              "isHook": false,
              "skipped": false
            },
            {
              "title": "Keys object match",
              "fullTitle": " -------- Expect Check ---------  Keys object match",
              "timedOut": false,
              "duration": 0,
              "state": "passed",
              "speed": "fast",
              "pass": true,
              "fail": false,
              "pending": false,
              "context": null,
              "code": "expect(myList).to.have.all.keys('item', 'title', 'address');",
              "err": {},
              "uuid": "42b0204c-9f8d-40f3-894d-c9fe6849b645",
              "parentUUID": "c6ea315c-0946-401e-863a-aa18d3eb6b5e",
              "isHook": false,
              "skipped": false
            },
            {
              "title": "phone number",
              "fullTitle": " -------- Expect Check ---------  phone number",
              "timedOut": false,
              "duration": 1,
              "state": "passed",
              "speed": "fast",
              "pass": true,
              "fail": false,
              "pending": false,
              "context": null,
              "code": "expect(myList).to.have.nested.property('address.phoneNumbers[1]')",
              "err": {},
              "uuid": "de66d56b-64c4-4f91-bc57-34559cd3ab0d",
              "parentUUID": "c6ea315c-0946-401e-863a-aa18d3eb6b5e",
              "isHook": false,
              "skipped": false
            },
            {
              "title": "Country name",
              "fullTitle": " -------- Expect Check ---------  Country name",
              "timedOut": false,
              "duration": 0,
              "state": "passed",
              "speed": "fast",
              "pass": true,
              "fail": false,
              "pending": false,
              "context": null,
              "code": "expect(myList).to.have.nested.include({ 'address.country': 'USA' })",
              "err": {},
              "uuid": "91c9ca9a-fa91-4204-875e-14d7e3a75515",
              "parentUUID": "c6ea315c-0946-401e-863a-aa18d3eb6b5e",
              "isHook": false,
              "skipped": false
            }
          ],
          "suites": [],
          "passes": [
            "29cbef9c-f6a4-40a3-8c92-313441c3d046",
            "b593086d-6a90-46dc-91bc-662db4197f18",
            "9b36a817-e5dd-49ed-b3c9-bf6e9f9d5ff7",
            "4bef0b73-a37a-45a6-a0b6-f8b05770c5d8",
            "42b0204c-9f8d-40f3-894d-c9fe6849b645",
            "de66d56b-64c4-4f91-bc57-34559cd3ab0d",
            "91c9ca9a-fa91-4204-875e-14d7e3a75515"
          ],
          "failures": [],
          "pending": [],
          "skipped": [],
          "duration": 1,
          "root": false,
          "rootEmpty": false,
          "_timeout": 2000
        },
        {
          "uuid": "a2b0fda9-cb57-4cd7-b823-f0a0fdc0290b",
          "title": " ----- Heading  1  ----- ",
          "fullFile": "/media/imran/6F29F40451288B05/Imran/Learning Projects/Unit testing using mocha & chai/test-cases/hook.spec.js",
          "file": "/test-cases/hook.spec.js",
          "beforeHooks": [
            {
              "title": "\"before all\" hook in \" ----- Heading  1  ----- \"",
              "fullTitle": " ----- Heading  1  -----  \"before all\" hook in \" ----- Heading  1  ----- \"",
              "timedOut": false,
              "duration": 0,
              "state": null,
              "speed": null,
              "pass": false,
              "fail": false,
              "pending": false,
              "context": null,
              "code": "console.log(\"---- First ----\");",
              "err": {},
              "uuid": "6f1e357e-ebe1-41bd-b439-e3dd14ef59cf",
              "parentUUID": "a2b0fda9-cb57-4cd7-b823-f0a0fdc0290b",
              "isHook": true,
              "skipped": false
            },
            {
              "title": "\"before each\" hook in \" ----- Heading  1  ----- \"",
              "fullTitle": " ----- Heading  1  -----  \"before each\" hook in \" ----- Heading  1  ----- \"",
              "timedOut": false,
              "duration": 0,
              "state": null,
              "speed": null,
              "pass": false,
              "fail": false,
              "pending": false,
              "context": null,
              "code": "console.log(\"---- Run before each test case ----\");",
              "err": {},
              "uuid": "677af256-c4c8-4431-bedf-ee609172f8ce",
              "parentUUID": "a2b0fda9-cb57-4cd7-b823-f0a0fdc0290b",
              "isHook": true,
              "skipped": false
            }
          ],
          "afterHooks": [
            {
              "title": "\"after all\" hook in \" ----- Heading  1  ----- \"",
              "fullTitle": " ----- Heading  1  -----  \"after all\" hook in \" ----- Heading  1  ----- \"",
              "timedOut": false,
              "duration": 0,
              "state": null,
              "speed": null,
              "pass": false,
              "fail": false,
              "pending": false,
              "context": null,
              "code": "console.log(\"---- Last ----\");",
              "err": {},
              "uuid": "60d20403-bb7e-4aa3-a5aa-6d0abd1b5368",
              "parentUUID": "a2b0fda9-cb57-4cd7-b823-f0a0fdc0290b",
              "isHook": true,
              "skipped": false
            },
            {
              "title": "\"after each\" hook in \" ----- Heading  1  ----- \"",
              "fullTitle": " ----- Heading  1  -----  \"after each\" hook in \" ----- Heading  1  ----- \"",
              "timedOut": false,
              "duration": 0,
              "state": null,
              "speed": null,
              "pass": false,
              "fail": false,
              "pending": false,
              "context": null,
              "code": "console.log(\"---- Run after each test case ----\");",
              "err": {},
              "uuid": "50f84dbc-bf48-4e80-b67a-31b82da2eb6b",
              "parentUUID": "a2b0fda9-cb57-4cd7-b823-f0a0fdc0290b",
              "isHook": true,
              "skipped": false
            }
          ],
          "tests": [
            {
              "title": "Check string",
              "fullTitle": " ----- Heading  1  -----  Check string",
              "timedOut": false,
              "duration": 0,
              "state": "passed",
              "speed": "fast",
              "pass": true,
              "fail": false,
              "pending": false,
              "context": null,
              "code": "expect(data).to.be.a('string');",
              "err": {},
              "uuid": "d7ff16ac-f4bf-451a-9830-d7fecd541b8b",
              "parentUUID": "a2b0fda9-cb57-4cd7-b823-f0a0fdc0290b",
              "isHook": false,
              "skipped": false
            },
            {
              "title": "value",
              "fullTitle": " ----- Heading  1  -----  value",
              "timedOut": false,
              "duration": 1,
              "state": "passed",
              "speed": "fast",
              "pass": true,
              "fail": false,
              "pending": false,
              "context": null,
              "code": "expect(data).to.be.equal('code');",
              "err": {},
              "uuid": "1fc52a6f-04a1-4f06-9f37-b4fdd5610976",
              "parentUUID": "a2b0fda9-cb57-4cd7-b823-f0a0fdc0290b",
              "isHook": false,
              "skipped": false
            }
          ],
          "suites": [],
          "passes": [
            "d7ff16ac-f4bf-451a-9830-d7fecd541b8b",
            "1fc52a6f-04a1-4f06-9f37-b4fdd5610976"
          ],
          "failures": [],
          "pending": [],
          "skipped": [],
          "duration": 1,
          "root": false,
          "rootEmpty": false,
          "_timeout": 2000
        },
        {
          "uuid": "b04389ee-5dc1-47be-b21e-66bc86a32914",
          "title": " ------  MOCK  ------- ",
          "fullFile": "/media/imran/6F29F40451288B05/Imran/Learning Projects/Unit testing using mocha & chai/test-cases/mock.spec.js",
          "file": "/test-cases/mock.spec.js",
          "beforeHooks": [],
          "afterHooks": [],
          "tests": [
            {
              "title": "Count Function",
              "fullTitle": " ------  MOCK  -------  Count Function",
              "timedOut": false,
              "duration": 5,
              "state": "passed",
              "speed": "fast",
              "pass": true,
              "fail": false,
              "pending": false,
              "context": null,
              "code": "let mock = sinon.mock(studentObj);\nlet expt = mock.expects('getExternal');\nexpt.exactly(1);\nexpt.withArgs(42);\nstudentObj.finalMarks(42);\nmock.verify();",
              "err": {},
              "uuid": "04e415be-f9e2-490c-93a9-49fbfb6bd2fe",
              "parentUUID": "b04389ee-5dc1-47be-b21e-66bc86a32914",
              "isHook": false,
              "skipped": false
            }
          ],
          "suites": [],
          "passes": [
            "04e415be-f9e2-490c-93a9-49fbfb6bd2fe"
          ],
          "failures": [],
          "pending": [],
          "skipped": [],
          "duration": 5,
          "root": false,
          "rootEmpty": false,
          "_timeout": 2000
        },
        {
          "uuid": "7834d123-a058-4f51-ba4b-0f166f544822",
          "title": " -----  NOCK Test Suit  ----- ",
          "fullFile": "/media/imran/6F29F40451288B05/Imran/Learning Projects/Unit testing using mocha & chai/test-cases/nock.spec.js",
          "file": "/test-cases/nock.spec.js",
          "beforeHooks": [],
          "afterHooks": [],
          "tests": [
            {
              "title": "Api Test",
              "fullTitle": " -----  NOCK Test Suit  -----  Api Test",
              "timedOut": false,
              "duration": 10,
              "state": "passed",
              "speed": "fast",
              "pass": true,
              "fail": false,
              "pending": false,
              "context": null,
              "code": "let obj = { status: 'ok', statusCode: 200, data: [] }\n        const apihit = nock('http://localhost/api')\n            .get('/article-list')\n            .reply(200, obj);\n        studentObj.thirdPartyApi()\n            .then((record) => {\n                expect(record).to.be.eql(obj);\n                done();\n            })\n            .catch((error) => {\n                done(new Error('error:- ', error))\n            })",
              "err": {},
              "uuid": "7274b4b9-d84a-459c-8b23-c215753c6627",
              "parentUUID": "7834d123-a058-4f51-ba4b-0f166f544822",
              "isHook": false,
              "skipped": false
            }
          ],
          "suites": [],
          "passes": [
            "7274b4b9-d84a-459c-8b23-c215753c6627"
          ],
          "failures": [],
          "pending": [],
          "skipped": [],
          "duration": 10,
          "root": false,
          "rootEmpty": false,
          "_timeout": 2000
        },
        {
          "uuid": "9f38e958-4029-418e-911b-b53313616074",
          "title": " ---- Promise  ---- ",
          "fullFile": "/media/imran/6F29F40451288B05/Imran/Learning Projects/Unit testing using mocha & chai/test-cases/promise.spec.js",
          "file": "/test-cases/promise.spec.js",
          "beforeHooks": [],
          "afterHooks": [],
          "tests": [
            {
              "title": "Normal Value Function",
              "fullTitle": " ---- Promise  ----  Normal Value Function",
              "timedOut": false,
              "duration": 1502,
              "state": "passed",
              "speed": "slow",
              "pass": true,
              "fail": false,
              "pending": false,
              "context": null,
              "code": "studentObj.dbData().then((result)=>{\n    expect(result).to.be.equal(10);\n    done();\n})",
              "err": {},
              "uuid": "d4018a6e-aefa-45ac-a56a-9070aa80c295",
              "parentUUID": "9f38e958-4029-418e-911b-b53313616074",
              "isHook": false,
              "skipped": false
            },
            {
              "title": "Chai promised value function",
              "fullTitle": " ---- Promise  ----  Chai promised value function",
              "timedOut": false,
              "duration": 1502,
              "state": "passed",
              "speed": "slow",
              "pass": true,
              "fail": false,
              "pending": false,
              "context": null,
              "code": "return expect(studentObj.dbData()).to.eventually.equal(10);",
              "err": {},
              "uuid": "0b5cdffa-6144-47eb-9949-b6e77dbb05b8",
              "parentUUID": "9f38e958-4029-418e-911b-b53313616074",
              "isHook": false,
              "skipped": false
            }
          ],
          "suites": [],
          "passes": [
            "d4018a6e-aefa-45ac-a56a-9070aa80c295",
            "0b5cdffa-6144-47eb-9949-b6e77dbb05b8"
          ],
          "failures": [],
          "pending": [],
          "skipped": [],
          "duration": 3004,
          "root": false,
          "rootEmpty": false,
          "_timeout": 2000
        },
        {
          "uuid": "948b9607-8ab9-41fa-85e2-7ebde2f557c4",
          "title": "------- Spay ---------",
          "fullFile": "/media/imran/6F29F40451288B05/Imran/Learning Projects/Unit testing using mocha & chai/test-cases/spay.spec.js",
          "file": "/test-cases/spay.spec.js",
          "beforeHooks": [],
          "afterHooks": [],
          "tests": [
            {
              "title": "Test User Function",
              "fullTitle": "------- Spay --------- Test User Function",
              "timedOut": false,
              "duration": 0,
              "state": "passed",
              "speed": "fast",
              "pass": true,
              "fail": false,
              "pending": false,
              "context": null,
              "code": "expect(studentObj.userId()).to.be.equal(12);",
              "err": {},
              "uuid": "f58565b4-f634-48e8-8cd3-b49f6799fff6",
              "parentUUID": "948b9607-8ab9-41fa-85e2-7ebde2f557c4",
              "isHook": false,
              "skipped": false
            },
            {
              "title": "Function counting",
              "fullTitle": "------- Spay --------- Function counting",
              "timedOut": false,
              "duration": 2,
              "state": "passed",
              "speed": "fast",
              "pass": true,
              "fail": false,
              "pending": false,
              "context": null,
              "code": "let spyObj = sinon.spy(studentObj, 'getInfo');\n        studentObj.home(5);\n        expect(spyObj.calledOnce).to.be.true;\n        // expect(spyObj.calledTwice).to.be.true;",
              "err": {},
              "uuid": "e4697374-5ce4-480e-9e19-2c7833d7ac85",
              "parentUUID": "948b9607-8ab9-41fa-85e2-7ebde2f557c4",
              "isHook": false,
              "skipped": false
            }
          ],
          "suites": [],
          "passes": [
            "f58565b4-f634-48e8-8cd3-b49f6799fff6",
            "e4697374-5ce4-480e-9e19-2c7833d7ac85"
          ],
          "failures": [],
          "pending": [],
          "skipped": [],
          "duration": 2,
          "root": false,
          "rootEmpty": false,
          "_timeout": 2000
        },
        {
          "uuid": "c3c57931-d2a5-44cf-8d02-0c9f505889e4",
          "title": "-------  STUB  --------",
          "fullFile": "/media/imran/6F29F40451288B05/Imran/Learning Projects/Unit testing using mocha & chai/test-cases/stub.spec.js",
          "file": "/test-cases/stub.spec.js",
          "beforeHooks": [],
          "afterHooks": [],
          "tests": [
            {
              "title": "Check function arguments",
              "fullTitle": "-------  STUB  -------- Check function arguments",
              "timedOut": false,
              "duration": 3,
              "state": "passed",
              "speed": "fast",
              "pass": true,
              "fail": false,
              "pending": false,
              "context": null,
              "code": "let stubObj = sinon.stub(studentObj, 'getExternal')\nstubObj.withArgs(40).returns(5);\nexpect(studentObj.finalMarks(40)).to.be.equal(54);",
              "err": {},
              "uuid": "2af397d5-e093-4f12-80a8-c12e3f58b171",
              "parentUUID": "c3c57931-d2a5-44cf-8d02-0c9f505889e4",
              "isHook": false,
              "skipped": false
            }
          ],
          "suites": [],
          "passes": [
            "2af397d5-e093-4f12-80a8-c12e3f58b171"
          ],
          "failures": [],
          "pending": [],
          "skipped": [],
          "duration": 3,
          "root": false,
          "rootEmpty": false,
          "_timeout": 2000
        }
      ],
      "passes": [],
      "failures": [],
      "pending": [],
      "skipped": [],
      "duration": 0,
      "root": true,
      "rootEmpty": true,
      "_timeout": 2000
    }
  ],
  "meta": {
    "mocha": {
      "version": "9.2.0"
    },
    "mochawesome": {
      "options": {
        "quiet": false,
        "reportFilename": "mochawesome",
        "saveHtml": true,
        "saveJson": true,
        "consoleReporter": "spec",
        "useInlineDiffs": false,
        "code": true
      },
      "version": "7.1.0"
    },
    "marge": {
      "options": null,
      "version": "6.1.0"
    }
  }
}